<?xml version="1.0" encoding="UTF-8"?>
<testng-results ignored="0" total="1" passed="1" failed="0" skipped="0">
  <reporter-output>
  </reporter-output>
  <suite started-at="2025-02-04T12:39:19 IST" name="Default suite" finished-at="2025-02-04T12:39:19 IST" duration-ms="93">
    <groups>
    </groups>
    <test started-at="2025-02-04T12:39:19 IST" name="Default test" finished-at="2025-02-04T12:39:19 IST" duration-ms="93">
      <class name="simple.github.GithubProject">
        <test-method signature="sample()[pri:0, instance:simple.github.GithubProject@5d0a1059]" started-at="2025-02-04T12:39:19 IST" name="sample" finished-at="2025-02-04T12:39:19 IST" duration-ms="22" status="PASS">
          <reporter-output>
          </reporter-output>
        </test-method> <!-- sample -->
      </class> <!-- simple.github.GithubProject -->
    </test> <!-- Default test -->
  </suite> <!-- Default suite -->
</testng-results>
