<?xml version="1.0" encoding="UTF-8"?>
<testng-results ignored="0" total="1" passed="1" failed="0" skipped="0">
  <reporter-output>
  </reporter-output>
  <suite started-at="2025-02-05T11:53:25 IST" name="Default suite" finished-at="2025-02-05T11:53:25 IST" duration-ms="128">
    <groups>
    </groups>
    <test started-at="2025-02-05T11:53:25 IST" name="Default test" finished-at="2025-02-05T11:53:25 IST" duration-ms="128">
      <class name="simple.github.Gitpratice">
        <test-method signature="m1()[pri:0, instance:simple.github.Gitpratice@5d0a1059]" started-at="2025-02-05T11:53:25 IST" name="m1" finished-at="2025-02-05T11:53:25 IST" duration-ms="33" status="PASS">
          <reporter-output>
          </reporter-output>
        </test-method> <!-- m1 -->
      </class> <!-- simple.github.Gitpratice -->
    </test> <!-- Default test -->
  </suite> <!-- Default suite -->
</testng-results>
